#
# There is insufficient memory for the Java Runtime Environment to continue.
# Native memory allocation (malloc) failed to allocate 132336 bytes for Chunk::new
# Possible reasons:
#   The system is out of physical RAM or swap space
#   The process is running with CompressedOops enabled, and the Java Heap may be blocking the growth of the native heap
# Possible solutions:
#   Reduce memory load on the system
#   Increase physical memory or swap space
#   Check if swap backing store is full
#   Decrease Java heap size (-Xmx/-Xms)
#   Decrease number of Java threads
#   Decrease Java thread stack sizes (-Xss)
#   Set larger code cache with -XX:ReservedCodeCacheSize=
#   JVM is running with Unscaled Compressed Oops mode in which the Java heap is
#     placed in the first 4GB address space. The Java Heap base address is the
#     maximum limit for the native heap growth. Please use -XX:HeapBaseMinAddress
#     to set the Java Heap base and to place the Java Heap above 4GB virtual address.
# This output file may be truncated or incomplete.
#
#  Out of Memory Error (allocation.cpp:389), pid=12556, tid=0x0000000000004e0c
#
# JRE version: Java(TM) SE Runtime Environment (8.0_381) (build 1.8.0_381-b09)
# Java VM: Java HotSpot(TM) 64-Bit Server VM (25.381-b09 mixed mode windows-amd64 compressed oops)
# Failed to write core dump. Minidumps are not enabled by default on client versions of Windows
#

---------------  T H R E A D  ---------------

Current thread (0x0000024efc1e0000):  JavaThread "C2 CompilerThread1" daemon [_thread_in_native, id=19980, stack(0x000000d1a2400000,0x000000d1a2500000)]

Stack: [0x000000d1a2400000,0x000000d1a2500000]
Native frames: (J=compiled Java code, j=interpreted, Vv=VM code, C=native code)
V  [jvm.dll+0x353039]
V  [jvm.dll+0x290052]
V  [jvm.dll+0x290c1d]
V  [jvm.dll+0x285255]
V  [jvm.dll+0xdb9bc]
V  [jvm.dll+0xdc1cc]
V  [jvm.dll+0x47d2c2]
V  [jvm.dll+0x4bd7eb]
V  [jvm.dll+0x46b72a]
V  [jvm.dll+0x468c12]
V  [jvm.dll+0x452a5b]
V  [jvm.dll+0xb0766]
V  [jvm.dll+0xaee3f]
V  [jvm.dll+0x251602]
V  [jvm.dll+0x2accec]
C  [ucrtbase.dll+0x29363]
C  [KERNEL32.DLL+0x1257d]
C  [ntdll.dll+0x5aa68]


Current CompileTask:
C2:10869025  888       4       jdk.internal.org.objectweb.asm.Item::set (143 bytes)


---------------  P R O C E S S  ---------------

Java Threads: ( => current thread )
  0x0000024ef44f8800 JavaThread "DestroyJavaVM" [_thread_blocked, id=21864, stack(0x000000d1a1500000,0x000000d1a1600000)]
  0x0000024efeb56800 JavaThread "AWT-EventQueue-0" [_thread_in_native, id=5044, stack(0x000000d1a2e00000,0x000000d1a2f00000)]
  0x0000024efea06800 JavaThread "mysql-cj-abandoned-connection-cleanup" daemon [_thread_blocked, id=26684, stack(0x000000d1a2d00000,0x000000d1a2e00000)]
  0x0000024efd949000 JavaThread "AWT-Windows" daemon [_thread_in_native, id=14816, stack(0x000000d1a2b00000,0x000000d1a2c00000)]
  0x0000024efd945000 JavaThread "AWT-Shutdown" [_thread_blocked, id=25716, stack(0x000000d1a2a00000,0x000000d1a2b00000)]
  0x0000024efd941800 JavaThread "Java2D Disposer" daemon [_thread_blocked, id=15144, stack(0x000000d1a2900000,0x000000d1a2a00000)]
  0x0000024efd590800 JavaThread "Service Thread" daemon [_thread_blocked, id=26552, stack(0x000000d1a2700000,0x000000d1a2800000)]
  0x0000024efc232000 JavaThread "C1 CompilerThread3" daemon [_thread_blocked, id=28340, stack(0x000000d1a2600000,0x000000d1a2700000)]
  0x0000024efc205800 JavaThread "C2 CompilerThread2" daemon [_thread_blocked, id=27644, stack(0x000000d1a2500000,0x000000d1a2600000)]
=>0x0000024efc1e0000 JavaThread "C2 CompilerThread1" daemon [_thread_in_native, id=19980, stack(0x000000d1a2400000,0x000000d1a2500000)]
  0x0000024efc1d8000 JavaThread "C2 CompilerThread0" daemon [_thread_blocked, id=28356, stack(0x000000d1a2300000,0x000000d1a2400000)]
  0x0000024efc1d5000 JavaThread "Attach Listener" daemon [_thread_blocked, id=25172, stack(0x000000d1a2200000,0x000000d1a2300000)]
  0x0000024efc1d3800 JavaThread "Signal Dispatcher" daemon [_thread_blocked, id=22848, stack(0x000000d1a2100000,0x000000d1a2200000)]
  0x0000024efc1b0800 JavaThread "Finalizer" daemon [_thread_blocked, id=16276, stack(0x000000d1a2000000,0x000000d1a2100000)]
  0x0000024efc1a8800 JavaThread "Reference Handler" daemon [_thread_blocked, id=26904, stack(0x000000d1a1f00000,0x000000d1a2000000)]

Other Threads:
  0x0000024efc185000 VMThread [stack: 0x000000d1a1e00000,0x000000d1a1f00000] [id=29580]
  0x0000024efd57d800 WatcherThread [stack: 0x000000d1a2800000,0x000000d1a2900000] [id=14792]

VM state:not at safepoint (normal execution)

VM Mutex/Monitor currently owned by a thread: None

heap address: 0x0000000083600000, size: 1994 MB, Compressed Oops mode: 32-bit
Narrow klass base: 0x0000000000000000, Narrow klass shift: 3
Compressed class space size: 1073741824 Address: 0x0000000100000000

Heap:
 PSYoungGen      total 37888K, used 27166K [0x00000000d6780000, 0x00000000d9180000, 0x0000000100000000)
  eden space 32768K, 82% used [0x00000000d6780000,0x00000000d8207a38,0x00000000d8780000)
  from space 5120K, 0% used [0x00000000d8c80000,0x00000000d8c80000,0x00000000d9180000)
  to   space 5120K, 0% used [0x00000000d8780000,0x00000000d8780000,0x00000000d8c80000)
 ParOldGen       total 86016K, used 0K [0x0000000083600000, 0x0000000088a00000, 0x00000000d6780000)
  object space 86016K, 0% used [0x0000000083600000,0x0000000083600000,0x0000000088a00000)
 Metaspace       used 13861K, capacity 14108K, committed 14336K, reserved 1062912K
  class space    used 1607K, capacity 1678K, committed 1792K, reserved 1048576K

Card table byte_map: [0x0000024ef63d0000,0x0000024ef67c0000] byte_map_base: 0x0000024ef5fb5000

Marking Bits: (ParMarkBitMap*) 0x00007ff8e3cf6040
 Begin Bits: [0x0000024ef6a60000, 0x0000024ef8988000)
 End Bits:   [0x0000024ef8988000, 0x0000024efa8b0000)

Polling page: 0x0000024ef4770000

CodeCache: size=245760Kb used=3219Kb max_used=3222Kb free=242540Kb
 bounds [0x0000024e80000000, 0x0000024e80330000, 0x0000024e8f000000]
 total_blobs=1419 nmethods=894 adapters=438
 compilation: enabled

Compilation events (10 events):
Event: 5492.630 Thread 0x0000024efc1d8000 nmethod 883 0x0000024e803211d0 code [0x0000024e80321340, 0x0000024e80321588]
Event: 8777.924 Thread 0x0000024efc1e0000  884       4       sun.misc.URLClassPath::findResource (47 bytes)
Event: 8777.936 Thread 0x0000024efc1e0000 nmethod 884 0x0000024e803277d0 code [0x0000024e80327980, 0x0000024e80328a98]
Event: 10868.597 Thread 0x0000024efc232000  885       3       java.lang.invoke.MemberName::isMethod (7 bytes)
Event: 10868.601 Thread 0x0000024efc232000 nmethod 885 0x0000024e80320d10 code [0x0000024e80320e80, 0x0000024e803210f8]
Event: 10868.713 Thread 0x0000024efc232000  887       3       java.lang.invoke.InvokerBytecodeGenerator::getInternalName (75 bytes)
Event: 10868.714 Thread 0x0000024efc232000 nmethod 887 0x0000024e80320510 code [0x0000024e803206c0, 0x0000024e80320bc0]
Event: 10868.802 Thread 0x0000024efc232000  889       3       jdk.internal.org.objectweb.asm.MethodVisitor::<init> (35 bytes)
Event: 10868.802 Thread 0x0000024efc1e0000  888       4       jdk.internal.org.objectweb.asm.Item::set (143 bytes)
Event: 10868.803 Thread 0x0000024efc232000 nmethod 889 0x0000024e80322750 code [0x0000024e803228c0, 0x0000024e80322bd0]

GC Heap History (0 events):
No events

Deoptimization events (4 events):
Event: 0.365 Thread 0x0000024ef44f8800 Uncommon trap: reason=unstable_if action=reinterpret pc=0x0000024e801f1a20 method=java.util.Properties$LineReader.readLine()I @ 252
Event: 0.365 Thread 0x0000024ef44f8800 Uncommon trap: reason=unstable_if action=reinterpret pc=0x0000024e801e92c0 method=java.util.Properties.loadConvert([CII[C)Ljava/lang/String; @ 4
Event: 0.373 Thread 0x0000024ef44f8800 Uncommon trap: reason=class_check action=maybe_recompile pc=0x0000024e802357d4 method=java.util.Properties$LineReader.readLine()I @ 410
Event: 2.952 Thread 0x0000024efeb56800 Uncommon trap: reason=unstable_if action=reinterpret pc=0x0000024e802c124c method=java.awt.Component.inside(II)Z @ 13

Classes redefined (0 events):
No events

Internal exceptions (8 events):
Event: 0.027 Thread 0x0000024ef44f8800 Exception <a 'java/lang/NoSuchMethodError': Method sun.misc.Unsafe.defineClass(Ljava/lang/String;[BII)Ljava/lang/Class; name or signature does not match> (0x00000000d6787ce0) thrown at [C:\jenkins\workspace\8-2-build-windows-x64-cygwin-sans-NAS\jdk8u381\2
Event: 0.027 Thread 0x0000024ef44f8800 Exception <a 'java/lang/NoSuchMethodError': Method sun.misc.Unsafe.prefetchRead(Ljava/lang/Object;J)V name or signature does not match> (0x00000000d6787fc8) thrown at [C:\jenkins\workspace\8-2-build-windows-x64-cygwin-sans-NAS\jdk8u381\237\hotspot\src\sha
Event: 0.090 Thread 0x0000024ef44f8800 Exception <a 'java/security/PrivilegedActionException'> (0x00000000d6810ee8) thrown at [C:\jenkins\workspace\8-2-build-windows-x64-cygwin-sans-NAS\jdk8u381\237\hotspot\src\share\vm\prims\jvm.cpp, line 1513]
Event: 0.090 Thread 0x0000024ef44f8800 Exception <a 'java/security/PrivilegedActionException'> (0x00000000d68110f8) thrown at [C:\jenkins\workspace\8-2-build-windows-x64-cygwin-sans-NAS\jdk8u381\237\hotspot\src\share\vm\prims\jvm.cpp, line 1513]
Event: 0.095 Thread 0x0000024ef44f8800 Exception <a 'java/io/FileNotFoundException'> (0x00000000d6812fd8) thrown at [C:\jenkins\workspace\8-2-build-windows-x64-cygwin-sans-NAS\jdk8u381\237\hotspot\src\share\vm\prims\jni.cpp, line 710]
Event: 0.129 Thread 0x0000024ef44f8800 Exception <a 'java/lang/NoSuchFieldError': method resolution failed> (0x00000000d6988390) thrown at [C:\jenkins\workspace\8-2-build-windows-x64-cygwin-sans-NAS\jdk8u381\237\hotspot\src\share\vm\prims\methodHandles.cpp, line 1188]
Event: 0.130 Thread 0x0000024ef44f8800 Exception <a 'java/lang/NoSuchFieldError': method resolution failed> (0x00000000d6995760) thrown at [C:\jenkins\workspace\8-2-build-windows-x64-cygwin-sans-NAS\jdk8u381\237\hotspot\src\share\vm\prims\methodHandles.cpp, line 1188]
Event: 0.181 Thread 0x0000024ef44f8800 Exception <a 'java/io/FileNotFoundException'> (0x00000000d6a318e0) thrown at [C:\jenkins\workspace\8-2-build-windows-x64-cygwin-sans-NAS\jdk8u381\237\hotspot\src\share\vm\prims\jni.cpp, line 710]

Events (10 events):
Event: 4.098 Executing VM operation: EnableBiasedLocking
Event: 4.098 Executing VM operation: EnableBiasedLocking done
Event: 4.545 loading class javax/swing/event/ChangeEvent
Event: 4.545 loading class javax/swing/event/ChangeEvent done
Event: 4.944 loading class java/awt/KeyboardFocusManager$2
Event: 4.944 loading class java/awt/KeyboardFocusManager$2 done
Event: 4.944 loading class sun/awt/SunToolkit$1
Event: 4.944 loading class sun/awt/SunToolkit$1 done
Event: 5.280 Thread 0x0000024efe995800 Thread exited: 0x0000024efe995800
Event: 10868.887 loading class java/util/WeakHashMap$KeyIterator


Dynamic libraries:
0x00007ff6ddfd0000 - 0x00007ff6de01a000 	C:\Program Files\Java\jdk-1.8\bin\java.exe
0x00007ff99fbf0000 - 0x00007ff99fe04000 	C:\WINDOWS\SYSTEM32\ntdll.dll
0x00007ff99f2b0000 - 0x00007ff99f374000 	C:\WINDOWS\System32\KERNEL32.DLL
0x00007ff99d270000 - 0x00007ff99d614000 	C:\WINDOWS\System32\KERNELBASE.dll
0x00007ff99db30000 - 0x00007ff99dbe0000 	C:\WINDOWS\System32\ADVAPI32.dll
0x00007ff99da80000 - 0x00007ff99db27000 	C:\WINDOWS\System32\msvcrt.dll
0x00007ff99d950000 - 0x00007ff99d9f6000 	C:\WINDOWS\System32\sechost.dll
0x00007ff99dbe0000 - 0x00007ff99dcf7000 	C:\WINDOWS\System32\RPCRT4.dll
0x00007ff99f0e0000 - 0x00007ff99f28e000 	C:\WINDOWS\System32\USER32.dll
0x00007ff99d920000 - 0x00007ff99d946000 	C:\WINDOWS\System32\win32u.dll
0x00007ff99e130000 - 0x00007ff99e159000 	C:\WINDOWS\System32\GDI32.dll
0x00007ff99d0e0000 - 0x00007ff99d1f8000 	C:\WINDOWS\System32\gdi32full.dll
0x00007ff99d620000 - 0x00007ff99d6ba000 	C:\WINDOWS\System32\msvcp_win.dll
0x00007ff99d6c0000 - 0x00007ff99d7d1000 	C:\WINDOWS\System32\ucrtbase.dll
0x00007ff96abb0000 - 0x00007ff96ae43000 	C:\WINDOWS\WinSxS\amd64_microsoft.windows.common-controls_6595b64144ccf1df_6.0.22621.2215_none_270d72677387dfc3\COMCTL32.dll
0x00007ff99fa80000 - 0x00007ff99fab1000 	C:\WINDOWS\System32\IMM32.DLL
0x00007ff988970000 - 0x00007ff98898b000 	C:\Program Files\Java\jdk-1.8\jre\bin\vcruntime140.dll
0x00007ff9885e0000 - 0x00007ff9885ec000 	C:\Program Files\Java\jdk-1.8\jre\bin\vcruntime140_1.dll
0x00007ff9442d0000 - 0x00007ff94435e000 	C:\Program Files\Java\jdk-1.8\jre\bin\msvcp140.dll
0x00007ff8e34c0000 - 0x00007ff8e3d70000 	C:\Program Files\Java\jdk-1.8\jre\bin\server\jvm.dll
0x00007ff99ef10000 - 0x00007ff99ef18000 	C:\WINDOWS\System32\PSAPI.DLL
0x00007ff9885f0000 - 0x00007ff9885f9000 	C:\WINDOWS\SYSTEM32\WSOCK32.dll
0x00007ff995500000 - 0x00007ff995534000 	C:\WINDOWS\SYSTEM32\WINMM.dll
0x00007ff996710000 - 0x00007ff99671a000 	C:\WINDOWS\SYSTEM32\VERSION.dll
0x00007ff99da00000 - 0x00007ff99da71000 	C:\WINDOWS\System32\WS2_32.dll
0x00007ff99c090000 - 0x00007ff99c0a8000 	C:\WINDOWS\SYSTEM32\kernel.appcore.dll
0x00007ff988920000 - 0x00007ff988930000 	C:\Program Files\Java\jdk-1.8\jre\bin\verify.dll
0x00007ff9888f0000 - 0x00007ff98891b000 	C:\Program Files\Java\jdk-1.8\jre\bin\java.dll
0x00007ff987220000 - 0x00007ff987238000 	C:\Program Files\Java\jdk-1.8\jre\bin\zip.dll
0x00007ff99e260000 - 0x00007ff99ea83000 	C:\WINDOWS\System32\SHELL32.dll
0x00007ff99aeb0000 - 0x00007ff99b79a000 	C:\WINDOWS\SYSTEM32\windows.storage.dll
0x00007ff99f6f0000 - 0x00007ff99fa7a000 	C:\WINDOWS\System32\combase.dll
0x00007ff99ad70000 - 0x00007ff99aeae000 	C:\WINDOWS\SYSTEM32\wintypes.dll
0x00007ff99e160000 - 0x00007ff99e253000 	C:\WINDOWS\System32\SHCORE.dll
0x00007ff99df40000 - 0x00007ff99df9e000 	C:\WINDOWS\System32\shlwapi.dll
0x00007ff99cea0000 - 0x00007ff99cec6000 	C:\WINDOWS\SYSTEM32\profapi.dll
0x00007ff944360000 - 0x00007ff9444de000 	C:\Program Files\Java\jdk-1.8\jre\bin\awt.dll
0x00007ff99f600000 - 0x00007ff99f6d7000 	C:\WINDOWS\System32\OLEAUT32.dll
0x00007ff99a2e0000 - 0x00007ff99a377000 	C:\WINDOWS\SYSTEM32\apphelp.dll
0x00007ff99a700000 - 0x00007ff99a72b000 	C:\WINDOWS\system32\DWMAPI.DLL
0x00007ff99a4b0000 - 0x00007ff99a55b000 	C:\WINDOWS\system32\uxtheme.dll
0x00007ff986300000 - 0x00007ff986400000 	C:\WINDOWS\system32\opengl32.dll
0x00007ff9849b0000 - 0x00007ff9849dd000 	C:\WINDOWS\SYSTEM32\GLU32.dll
0x00007ff99a5b0000 - 0x00007ff99a5e8000 	C:\WINDOWS\SYSTEM32\dxcore.dll
0x00007ff99dd90000 - 0x00007ff99ded9000 	C:\WINDOWS\System32\MSCTF.dll
0x00007ff99f380000 - 0x00007ff99f51e000 	C:\WINDOWS\System32\ole32.dll
0x00007ff99d8a0000 - 0x00007ff99d91a000 	C:\WINDOWS\System32\bcryptPrimitives.dll
0x00007ff96b8e0000 - 0x00007ff96b914000 	C:\Program Files\Java\jdk-1.8\jre\bin\jpeg.dll
0x00007ff997c50000 - 0x00007ff997c6c000 	C:\Program Files\Java\jdk-1.8\jre\bin\net.dll
0x00007ff99c530000 - 0x00007ff99c599000 	C:\WINDOWS\system32\mswsock.dll
0x00007ff99baf0000 - 0x00007ff99bbe2000 	C:\WINDOWS\SYSTEM32\DNSAPI.dll
0x00007ff99bac0000 - 0x00007ff99baed000 	C:\WINDOWS\SYSTEM32\IPHLPAPI.DLL
0x00007ff99e020000 - 0x00007ff99e029000 	C:\WINDOWS\System32\NSI.dll
0x00007ff9945a0000 - 0x00007ff9945aa000 	C:\Windows\System32\rasadhlp.dll
0x00007ff994440000 - 0x00007ff9944c4000 	C:\WINDOWS\System32\fwpuclnt.dll
0x00007ff944280000 - 0x00007ff9442cf000 	C:\Program Files\Java\jdk-1.8\jre\bin\fontmanager.dll
0x00007ff987d50000 - 0x00007ff987e94000 	C:\WINDOWS\SYSTEM32\textinputframework.dll
0x00007ff987160000 - 0x00007ff987173000 	C:\Program Files\Java\jdk-1.8\jre\bin\nio.dll
0x00007ff943860000 - 0x00007ff9438a3000 	C:\Program Files\Java\jdk-1.8\jre\bin\t2k.dll
0x00007ff99a000000 - 0x00007ff99a133000 	C:\WINDOWS\SYSTEM32\CoreMessaging.dll
0x00007ff996fb0000 - 0x00007ff99731c000 	C:\WINDOWS\SYSTEM32\CoreUIComponents.dll
0x00007ff99c780000 - 0x00007ff99c78c000 	C:\WINDOWS\SYSTEM32\CRYPTBASE.DLL
0x00007ff957c40000 - 0x00007ff957cf0000 	C:\WINDOWS\SYSTEM32\TextShaping.dll
0x00007ff98d9b0000 - 0x00007ff98dbde000 	C:\WINDOWS\SYSTEM32\dbghelp.dll

VM Arguments:
jvm_args: -Dfile.encoding=UTF-8 
java_command: eventsystem.ViewPackage
java_class_path (initial): C:\Users\krkav\Downloads\mysql-connector-java-8.0.28.jar;C:\xampp\htdocs\EventSystem\EventSystem\build\classes
Launcher Type: SUN_STANDARD

Environment Variables:
PATH=C:\Program Files (x86)\Common Files\Oracle\Java\javapath;C:\Python311\Scripts\;C:\Python311\;C:\WINDOWS\system32;C:\WINDOWS;C:\WINDOWS\System32\Wbem;C:\WINDOWS\System32\WindowsPowerShell\v1.0\;C:\WINDOWS\System32\OpenSSH\;C:\Program Files\Microsoft SQL Server\Client SDK\ODBC\170\Tools\Binn\;C:\Program Files (x86)\Microsoft SQL Server\150\Tools\Binn\;C:\Program Files\Microsoft SQL Server\150\Tools\Binn\;C:\Program Files\Microsoft SQL Server\150\DTS\Binn\;C:\Program Files (x86)\Microsoft SQL Server\160\DTS\Binn\;C:\Program Files\Azure Data Studio\bin;C:\Program Files\nodejs\;C:\ProgramData\chocolatey\bin;C:\Program Files\Java\jdk-1.8\bin;C:\Users\krkav\AppData\Local\Microsoft\WindowsApps;;C:\Users\krkav\AppData\Local\Programs\Microsoft VS Code\bin;C:\Program Files\Azure Data Studio\bin;C:\Users\krkav\AppData\Roaming\npm
USERNAME=krkav
OS=Windows_NT
PROCESSOR_IDENTIFIER=Intel64 Family 6 Model 140 Stepping 1, GenuineIntel



---------------  S Y S T E M  ---------------

OS: Windows 11 , 64 bit Build 22621 (10.0.22621.2215)

CPU:total 8 (initial active 8) (4 cores per cpu, 2 threads per core) family 6 model 140 stepping 1, cmov, cx8, fxsr, mmx, sse, sse2, sse3, ssse3, sse4.1, sse4.2, popcnt, avx, avx2, aes, clmul, erms, 3dnowpref, lzcnt, ht, tsc, tscinvbit, bmi1, bmi2, adx

Memory: 4k page, physical 8162616k(371844k free), swap 33328440k(0k free)

vm_info: Java HotSpot(TM) 64-Bit Server VM (25.381-b09) for windows-amd64 JRE (1.8.0_381-b09), built on Jun 14 2023 13:50:38 by "java_re" with MS VC++ 17.1 (VS2022)

time: Thu Sep 28 05:19:39 2023
timezone: Sri Lanka Standard Time
elapsed time: 10869.030705 seconds (0d 3h 1m 9s)

