#
# There is insufficient memory for the Java Runtime Environment to continue.
# Native memory allocation (malloc) failed to allocate 339776 bytes for Chunk::new
# Possible reasons:
#   The system is out of physical RAM or swap space
#   The process is running with CompressedOops enabled, and the Java Heap may be blocking the growth of the native heap
# Possible solutions:
#   Reduce memory load on the system
#   Increase physical memory or swap space
#   Check if swap backing store is full
#   Decrease Java heap size (-Xmx/-Xms)
#   Decrease number of Java threads
#   Decrease Java thread stack sizes (-Xss)
#   Set larger code cache with -XX:ReservedCodeCacheSize=
#   JVM is running with Unscaled Compressed Oops mode in which the Java heap is
#     placed in the first 4GB address space. The Java Heap base address is the
#     maximum limit for the native heap growth. Please use -XX:HeapBaseMinAddress
#     to set the Java Heap base and to place the Java Heap above 4GB virtual address.
# This output file may be truncated or incomplete.
#
#  Out of Memory Error (allocation.cpp:389), pid=792, tid=0x000000000000774c
#
# JRE version: Java(TM) SE Runtime Environment (8.0_381) (build 1.8.0_381-b09)
# Java VM: Java HotSpot(TM) 64-Bit Server VM (25.381-b09 mixed mode windows-amd64 compressed oops)
# Failed to write core dump. Minidumps are not enabled by default on client versions of Windows
#

---------------  T H R E A D  ---------------

Current thread (0x000001e946d8f800):  JavaThread "C2 CompilerThread1" daemon [_thread_in_native, id=30540, stack(0x00000092a6000000,0x00000092a6100000)]

Stack: [0x00000092a6000000,0x00000092a6100000]
Native frames: (J=compiled Java code, j=interpreted, Vv=VM code, C=native code)
V  [jvm.dll+0x353039]
V  [jvm.dll+0x290052]
V  [jvm.dll+0x290c1d]
V  [jvm.dll+0x285255]
V  [jvm.dll+0xdb9bc]
V  [jvm.dll+0xdc1cc]
V  [jvm.dll+0x47d2c2]
V  [jvm.dll+0x4bd7eb]
V  [jvm.dll+0x46bd91]
V  [jvm.dll+0x468c12]
V  [jvm.dll+0x452a5b]
V  [jvm.dll+0xb0766]
V  [jvm.dll+0xaee3f]
V  [jvm.dll+0x251602]
V  [jvm.dll+0x2accec]
C  [ucrtbase.dll+0x29363]
C  [KERNEL32.DLL+0x1257d]
C  [ntdll.dll+0x5aa68]


Current CompileTask:
C2:    387  643   !   4       sun.font.TrueTypeFont::getTableBuffer (215 bytes)


---------------  P R O C E S S  ---------------

Java Threads: ( => current thread )
  0x000001e949d37000 JavaThread "TimerQueue" daemon [_thread_blocked, id=15144, stack(0x00000092a6d00000,0x00000092a6e00000)]
  0x000001e9300b9000 JavaThread "DestroyJavaVM" [_thread_blocked, id=29232, stack(0x00000092a5100000,0x00000092a5200000)]
  0x000001e949928800 JavaThread "AWT-EventQueue-0" [_thread_blocked, id=10552, stack(0x00000092a6900000,0x00000092a6a00000)]
  0x000001e948521000 JavaThread "Image Fetcher 0" daemon [_thread_blocked, id=23480, stack(0x00000092a6800000,0x00000092a6900000)]
  0x000001e948507800 JavaThread "AWT-Windows" daemon [_thread_in_native, id=27576, stack(0x00000092a6700000,0x00000092a6800000)]
  0x000001e948501800 JavaThread "AWT-Shutdown" [_thread_blocked, id=11164, stack(0x00000092a6600000,0x00000092a6700000)]
  0x000001e948500800 JavaThread "Java2D Disposer" daemon [_thread_blocked, id=12164, stack(0x00000092a6500000,0x00000092a6600000)]
  0x000001e946e0e000 JavaThread "Service Thread" daemon [_thread_blocked, id=28008, stack(0x00000092a6300000,0x00000092a6400000)]
  0x000001e946d92000 JavaThread "C1 CompilerThread3" daemon [_thread_blocked, id=31024, stack(0x00000092a6200000,0x00000092a6300000)]
  0x000001e946d90000 JavaThread "C2 CompilerThread2" daemon [_thread_blocked, id=13836, stack(0x00000092a6100000,0x00000092a6200000)]
=>0x000001e946d8f800 JavaThread "C2 CompilerThread1" daemon [_thread_in_native, id=30540, stack(0x00000092a6000000,0x00000092a6100000)]
  0x000001e946d81800 JavaThread "C2 CompilerThread0" daemon [_thread_blocked, id=19640, stack(0x00000092a5f00000,0x00000092a6000000)]
  0x000001e946d80000 JavaThread "Attach Listener" daemon [_thread_blocked, id=9952, stack(0x00000092a5e00000,0x00000092a5f00000)]
  0x000001e946d89800 JavaThread "Signal Dispatcher" daemon [_thread_blocked, id=30088, stack(0x00000092a5d00000,0x00000092a5e00000)]
  0x000001e946d5f000 JavaThread "Finalizer" daemon [_thread_blocked, id=5812, stack(0x00000092a5c00000,0x00000092a5d00000)]
  0x000001e94616e000 JavaThread "Reference Handler" daemon [_thread_blocked, id=20476, stack(0x00000092a5b00000,0x00000092a5c00000)]

Other Threads:
  0x000001e946d33000 VMThread [stack: 0x00000092a5a00000,0x00000092a5b00000] [id=30984]
  0x000001e948162800 WatcherThread [stack: 0x00000092a6400000,0x00000092a6500000] [id=24984]

VM state:not at safepoint (normal execution)

VM Mutex/Monitor currently owned by a thread: None

heap address: 0x0000000083600000, size: 1994 MB, Compressed Oops mode: 32-bit
Narrow klass base: 0x0000000000000000, Narrow klass shift: 3
Compressed class space size: 1073741824 Address: 0x0000000100000000

Heap:
 PSYoungGen      total 37888K, used 14885K [0x00000000d6780000, 0x00000000d9180000, 0x0000000100000000)
  eden space 32768K, 45% used [0x00000000d6780000,0x00000000d76096d0,0x00000000d8780000)
  from space 5120K, 0% used [0x00000000d8780000,0x00000000d8780000,0x00000000d8c80000)
  to   space 5120K, 0% used [0x00000000d8c80000,0x00000000d8c80000,0x00000000d9180000)
 ParOldGen       total 61440K, used 622K [0x0000000083600000, 0x0000000087200000, 0x00000000d6780000)
  object space 61440K, 1% used [0x0000000083600000,0x000000008369b8a8,0x0000000087200000)
 Metaspace       used 10885K, capacity 11040K, committed 11264K, reserved 1062912K
  class space    used 1322K, capacity 1418K, committed 1536K, reserved 1048576K

Card table byte_map: [0x000001e940fa0000,0x000001e941390000] byte_map_base: 0x000001e940b85000

Marking Bits: (ParMarkBitMap*) 0x00007ffa502a6040
 Begin Bits: [0x000001e941630000, 0x000001e943558000)
 End Bits:   [0x000001e943558000, 0x000001e945480000)

Polling page: 0x000001e930330000

CodeCache: size=245760Kb used=2703Kb max_used=2703Kb free=243056Kb
 bounds [0x000001e931be0000, 0x000001e931e90000, 0x000001e940be0000]
 total_blobs=1135 nmethods=662 adapters=386
 compilation: enabled

Compilation events (10 events):
Event: 0.356 Thread 0x000001e946d90000  644       4       java.nio.ByteBuffer::<init> (45 bytes)
Event: 0.356 Thread 0x000001e946d92000 nmethod 645 0x000001e931e7c310 code [0x000001e931e7c4e0, 0x000001e931e7ccf8]
Event: 0.357 Thread 0x000001e946d90000 nmethod 644 0x000001e931e80050 code [0x000001e931e801a0, 0x000001e931e803d8]
Event: 0.357 Thread 0x000001e946d92000  646       3       java.util.HashMap$KeySet::iterator (12 bytes)
Event: 0.357 Thread 0x000001e946d92000 nmethod 646 0x000001e931e7fb90 code [0x000001e931e7fd00, 0x000001e931e7ff70]
Event: 0.357 Thread 0x000001e946d92000  647       3       java.util.HashMap$KeyIterator::<init> (11 bytes)
Event: 0.357 Thread 0x000001e946d92000 nmethod 647 0x000001e931e7f7d0 code [0x000001e931e7f940, 0x000001e931e7faf0]
Event: 0.358 Thread 0x000001e946d81800  648       4       java.lang.CharacterData::of (120 bytes)
Event: 0.358 Thread 0x000001e946d81800 nmethod 648 0x000001e931e7e610 code [0x000001e931e7e820, 0x000001e931e7e8d8]
Event: 0.359 Thread 0x000001e946d90000  649   !   4       sun.nio.cs.UnicodeDecoder::decodeLoop (326 bytes)

GC Heap History (4 events):
Event: 0.099 GC heap before
{Heap before GC invocations=1 (full 0):
 PSYoungGen      total 37888K, used 3277K [0x00000000d6780000, 0x00000000d9180000, 0x0000000100000000)
  eden space 32768K, 10% used [0x00000000d6780000,0x00000000d6ab3460,0x00000000d8780000)
  from space 5120K, 0% used [0x00000000d8c80000,0x00000000d8c80000,0x00000000d9180000)
  to   space 5120K, 0% used [0x00000000d8780000,0x00000000d8780000,0x00000000d8c80000)
 ParOldGen       total 86016K, used 0K [0x0000000083600000, 0x0000000088a00000, 0x00000000d6780000)
  object space 86016K, 0% used [0x0000000083600000,0x0000000083600000,0x0000000088a00000)
 Metaspace       used 5131K, capacity 5230K, committed 5376K, reserved 1060864K
  class space    used 583K, capacity 658K, committed 768K, reserved 1048576K
Event: 0.101 GC heap after
Heap after GC invocations=1 (full 0):
 PSYoungGen      total 37888K, used 816K [0x00000000d6780000, 0x00000000d9180000, 0x0000000100000000)
  eden space 32768K, 0% used [0x00000000d6780000,0x00000000d6780000,0x00000000d8780000)
  from space 5120K, 15% used [0x00000000d8780000,0x00000000d884c010,0x00000000d8c80000)
  to   space 5120K, 0% used [0x00000000d8c80000,0x00000000d8c80000,0x00000000d9180000)
 ParOldGen       total 86016K, used 8K [0x0000000083600000, 0x0000000088a00000, 0x00000000d6780000)
  object space 86016K, 0% used [0x0000000083600000,0x0000000083602000,0x0000000088a00000)
 Metaspace       used 5131K, capacity 5230K, committed 5376K, reserved 1060864K
  class space    used 583K, capacity 658K, committed 768K, reserved 1048576K
}
Event: 0.101 GC heap before
{Heap before GC invocations=2 (full 1):
 PSYoungGen      total 37888K, used 816K [0x00000000d6780000, 0x00000000d9180000, 0x0000000100000000)
  eden space 32768K, 0% used [0x00000000d6780000,0x00000000d6780000,0x00000000d8780000)
  from space 5120K, 15% used [0x00000000d8780000,0x00000000d884c010,0x00000000d8c80000)
  to   space 5120K, 0% used [0x00000000d8c80000,0x00000000d8c80000,0x00000000d9180000)
 ParOldGen       total 86016K, used 8K [0x0000000083600000, 0x0000000088a00000, 0x00000000d6780000)
  object space 86016K, 0% used [0x0000000083600000,0x0000000083602000,0x0000000088a00000)
 Metaspace       used 5131K, capacity 5230K, committed 5376K, reserved 1060864K
  class space    used 583K, capacity 658K, committed 768K, reserved 1048576K
Event: 0.108 GC heap after
Heap after GC invocations=2 (full 1):
 PSYoungGen      total 37888K, used 0K [0x00000000d6780000, 0x00000000d9180000, 0x0000000100000000)
  eden space 32768K, 0% used [0x00000000d6780000,0x00000000d6780000,0x00000000d8780000)
  from space 5120K, 0% used [0x00000000d8780000,0x00000000d8780000,0x00000000d8c80000)
  to   space 5120K, 0% used [0x00000000d8c80000,0x00000000d8c80000,0x00000000d9180000)
 ParOldGen       total 61440K, used 622K [0x0000000083600000, 0x0000000087200000, 0x00000000d6780000)
  object space 61440K, 1% used [0x0000000083600000,0x000000008369b8a8,0x0000000087200000)
 Metaspace       used 5131K, capacity 5230K, committed 5376K, reserved 1058816K
  class space    used 583K, capacity 658K, committed 768K, reserved 1048576K
}

Deoptimization events (3 events):
Event: 0.134 Thread 0x000001e9300b9000 Uncommon trap: reason=null_check action=make_not_entrant pc=0x000001e931d48624 method=java.lang.String.equals(Ljava/lang/Object;)Z @ 8
Event: 0.339 Thread 0x000001e949928800 Uncommon trap: reason=unstable_if action=reinterpret pc=0x000001e931ddf778 method=java.lang.CharacterData.of(I)Ljava/lang/CharacterData; @ 4
Event: 0.350 Thread 0x000001e949928800 Uncommon trap: reason=unstable_if action=reinterpret pc=0x000001e931e6da90 method=java.lang.Character.isSurrogate(C)Z @ 3

Classes redefined (0 events):
No events

Internal exceptions (9 events):
Event: 0.023 Thread 0x000001e9300b9000 Exception <a 'java/lang/NoSuchMethodError': Method sun.misc.Unsafe.defineClass(Ljava/lang/String;[BII)Ljava/lang/Class; name or signature does not match> (0x00000000d6787ce0) thrown at [C:\jenkins\workspace\8-2-build-windows-x64-cygwin-sans-NAS\jdk8u381\2
Event: 0.023 Thread 0x000001e9300b9000 Exception <a 'java/lang/NoSuchMethodError': Method sun.misc.Unsafe.prefetchRead(Ljava/lang/Object;J)V name or signature does not match> (0x00000000d6787fc8) thrown at [C:\jenkins\workspace\8-2-build-windows-x64-cygwin-sans-NAS\jdk8u381\237\hotspot\src\sha
Event: 0.058 Thread 0x000001e9300b9000 Exception <a 'java/security/PrivilegedActionException'> (0x00000000d6802290) thrown at [C:\jenkins\workspace\8-2-build-windows-x64-cygwin-sans-NAS\jdk8u381\237\hotspot\src\share\vm\prims\jvm.cpp, line 1513]
Event: 0.058 Thread 0x000001e9300b9000 Exception <a 'java/security/PrivilegedActionException'> (0x00000000d68024a0) thrown at [C:\jenkins\workspace\8-2-build-windows-x64-cygwin-sans-NAS\jdk8u381\237\hotspot\src\share\vm\prims\jvm.cpp, line 1513]
Event: 0.061 Thread 0x000001e9300b9000 Exception <a 'java/io/FileNotFoundException'> (0x00000000d6804858) thrown at [C:\jenkins\workspace\8-2-build-windows-x64-cygwin-sans-NAS\jdk8u381\237\hotspot\src\share\vm\prims\jni.cpp, line 710]
Event: 0.080 Thread 0x000001e9300b9000 Exception <a 'java/lang/NoSuchFieldError': method resolution failed> (0x00000000d6979b90) thrown at [C:\jenkins\workspace\8-2-build-windows-x64-cygwin-sans-NAS\jdk8u381\237\hotspot\src\share\vm\prims\methodHandles.cpp, line 1188]
Event: 0.082 Thread 0x000001e9300b9000 Exception <a 'java/lang/NoSuchFieldError': method resolution failed> (0x00000000d6986f60) thrown at [C:\jenkins\workspace\8-2-build-windows-x64-cygwin-sans-NAS\jdk8u381\237\hotspot\src\share\vm\prims\methodHandles.cpp, line 1188]
Event: 0.115 Thread 0x000001e9300b9000 Exception <a 'java/io/FileNotFoundException'> (0x00000000d6785b10) thrown at [C:\jenkins\workspace\8-2-build-windows-x64-cygwin-sans-NAS\jdk8u381\237\hotspot\src\share\vm\prims\jni.cpp, line 710]
Event: 0.134 Thread 0x000001e9300b9000 Implicit null exception at 0x000001e931d4845b to 0x000001e931d48615

Events (10 events):
Event: 0.339 Thread 0x000001e949928800 Uncommon trap: trap_request=0xffffff65 fr.pc=0x000001e931ddf778
Event: 0.339 Thread 0x000001e949928800 DEOPT PACKING pc=0x000001e931ddf778 sp=0x00000092a69fb870
Event: 0.339 Thread 0x000001e949928800 DEOPT UNPACKING pc=0x000001e931c258c3 sp=0x00000092a69fb6e0 mode 2
Event: 0.339 loading class java/lang/CharacterData00
Event: 0.339 loading class java/lang/CharacterData00 done
Event: 0.339 Executing VM operation: Deoptimize
Event: 0.340 Executing VM operation: Deoptimize done
Event: 0.350 Thread 0x000001e949928800 Uncommon trap: trap_request=0xffffff65 fr.pc=0x000001e931e6da90
Event: 0.350 Thread 0x000001e949928800 DEOPT PACKING pc=0x000001e931e6da90 sp=0x00000092a69fb370
Event: 0.350 Thread 0x000001e949928800 DEOPT UNPACKING pc=0x000001e931c258c3 sp=0x00000092a69fb2a8 mode 2


Dynamic libraries:
0x00007ff7f2940000 - 0x00007ff7f298a000 	C:\Program Files\Java\jdk-1.8\bin\java.exe
0x00007ffa8c6b0000 - 0x00007ffa8c8c4000 	C:\WINDOWS\SYSTEM32\ntdll.dll
0x00007ffa8abc0000 - 0x00007ffa8ac84000 	C:\WINDOWS\System32\KERNEL32.DLL
0x00007ffa89d40000 - 0x00007ffa8a0e4000 	C:\WINDOWS\System32\KERNELBASE.dll
0x00007ffa8bed0000 - 0x00007ffa8bf80000 	C:\WINDOWS\System32\ADVAPI32.dll
0x00007ffa8c590000 - 0x00007ffa8c637000 	C:\WINDOWS\System32\msvcrt.dll
0x00007ffa8c430000 - 0x00007ffa8c4d6000 	C:\WINDOWS\System32\sechost.dll
0x00007ffa8bf80000 - 0x00007ffa8c097000 	C:\WINDOWS\System32\RPCRT4.dll
0x00007ffa8ac90000 - 0x00007ffa8ae3e000 	C:\WINDOWS\System32\USER32.dll
0x00007ffa8a2c0000 - 0x00007ffa8a2e6000 	C:\WINDOWS\System32\win32u.dll
0x00007ffa8ba60000 - 0x00007ffa8ba89000 	C:\WINDOWS\System32\GDI32.dll
0x00007ffa8a2f0000 - 0x00007ffa8a408000 	C:\WINDOWS\System32\gdi32full.dll
0x00007ffa8a1b0000 - 0x00007ffa8a24a000 	C:\WINDOWS\System32\msvcp_win.dll
0x00007ffa89a30000 - 0x00007ffa89b41000 	C:\WINDOWS\System32\ucrtbase.dll
0x00007ffa88ca0000 - 0x00007ffa88f33000 	C:\WINDOWS\WinSxS\amd64_microsoft.windows.common-controls_6595b64144ccf1df_6.0.22621.2215_none_270d72677387dfc3\COMCTL32.dll
0x00007ffa8c4f0000 - 0x00007ffa8c521000 	C:\WINDOWS\System32\IMM32.DLL
0x00007ffa83a80000 - 0x00007ffa83a9b000 	C:\Program Files\Java\jdk-1.8\jre\bin\vcruntime140.dll
0x00007ffa7b180000 - 0x00007ffa7b18c000 	C:\Program Files\Java\jdk-1.8\jre\bin\vcruntime140_1.dll
0x00007ffa7b0f0000 - 0x00007ffa7b17e000 	C:\Program Files\Java\jdk-1.8\jre\bin\msvcp140.dll
0x00007ffa4fa70000 - 0x00007ffa50320000 	C:\Program Files\Java\jdk-1.8\jre\bin\server\jvm.dll
0x00007ffa8ae40000 - 0x00007ffa8ae48000 	C:\WINDOWS\System32\PSAPI.DLL
0x00007ffa87970000 - 0x00007ffa8797a000 	C:\WINDOWS\SYSTEM32\VERSION.dll
0x00007ffa84220000 - 0x00007ffa84229000 	C:\WINDOWS\SYSTEM32\WSOCK32.dll
0x00007ffa81350000 - 0x00007ffa81384000 	C:\WINDOWS\SYSTEM32\WINMM.dll
0x00007ffa8b6f0000 - 0x00007ffa8b761000 	C:\WINDOWS\System32\WS2_32.dll
0x00007ffa87c00000 - 0x00007ffa87c18000 	C:\WINDOWS\SYSTEM32\kernel.appcore.dll
0x00007ffa83a70000 - 0x00007ffa83a80000 	C:\Program Files\Java\jdk-1.8\jre\bin\verify.dll
0x00007ffa7b370000 - 0x00007ffa7b39b000 	C:\Program Files\Java\jdk-1.8\jre\bin\java.dll
0x00007ffa7b350000 - 0x00007ffa7b368000 	C:\Program Files\Java\jdk-1.8\jre\bin\zip.dll
0x00007ffa8aec0000 - 0x00007ffa8b6e3000 	C:\WINDOWS\System32\SHELL32.dll
0x00007ffa86a60000 - 0x00007ffa8734a000 	C:\WINDOWS\SYSTEM32\windows.storage.dll
0x00007ffa8c0a0000 - 0x00007ffa8c42a000 	C:\WINDOWS\System32\combase.dll
0x00007ffa86920000 - 0x00007ffa86a5e000 	C:\WINDOWS\SYSTEM32\wintypes.dll
0x00007ffa8a5b0000 - 0x00007ffa8a6a3000 	C:\WINDOWS\System32\SHCORE.dll
0x00007ffa8c530000 - 0x00007ffa8c58e000 	C:\WINDOWS\System32\shlwapi.dll
0x00007ffa89960000 - 0x00007ffa89986000 	C:\WINDOWS\SYSTEM32\profapi.dll
0x00007ffa7b190000 - 0x00007ffa7b30e000 	C:\Program Files\Java\jdk-1.8\jre\bin\awt.dll
0x00007ffa8bce0000 - 0x00007ffa8bdb7000 	C:\WINDOWS\System32\OLEAUT32.dll
0x00007ffa85f80000 - 0x00007ffa86017000 	C:\WINDOWS\SYSTEM32\apphelp.dll
0x00007ffa86380000 - 0x00007ffa863ab000 	C:\WINDOWS\system32\DWMAPI.DLL
0x00007ffa86110000 - 0x00007ffa861bb000 	C:\WINDOWS\system32\uxtheme.dll
0x00007ffa705f0000 - 0x00007ffa706f0000 	C:\WINDOWS\system32\opengl32.dll
0x00007ffa6f910000 - 0x00007ffa6f93d000 	C:\WINDOWS\SYSTEM32\GLU32.dll
0x00007ffa86230000 - 0x00007ffa86268000 	C:\WINDOWS\SYSTEM32\dxcore.dll
0x00007ffa8b910000 - 0x00007ffa8ba59000 	C:\WINDOWS\System32\MSCTF.dll
0x00007ffa8b770000 - 0x00007ffa8b90e000 	C:\WINDOWS\System32\ole32.dll
0x00007ffa89b50000 - 0x00007ffa89bca000 	C:\WINDOWS\System32\bcryptPrimitives.dll
0x00007ffa7b8d0000 - 0x00007ffa7b91f000 	C:\Program Files\Java\jdk-1.8\jre\bin\fontmanager.dll
0x00007ffa8be20000 - 0x00007ffa8bed0000 	C:\WINDOWS\System32\clbcatq.dll
0x00007ffa84790000 - 0x00007ffa84940000 	C:\WINDOWS\SYSTEM32\WindowsCodecs.dll
0x00007ffa3df50000 - 0x00007ffa3dfae000 	C:\WINDOWS\system32\dataexchange.dll
0x00007ffa80ca0000 - 0x00007ffa80f22000 	C:\WINDOWS\system32\twinapi.appcore.dll
0x00007ffa7ba90000 - 0x00007ffa7bbd4000 	C:\WINDOWS\SYSTEM32\textinputframework.dll
0x00007ffa7b330000 - 0x00007ffa7b34c000 	C:\Program Files\Java\jdk-1.8\jre\bin\net.dll
0x00007ffa88870000 - 0x00007ffa888d9000 	C:\WINDOWS\system32\mswsock.dll
0x00007ffa7b310000 - 0x00007ffa7b323000 	C:\Program Files\Java\jdk-1.8\jre\bin\nio.dll
0x00007ffa7b880000 - 0x00007ffa7b8c3000 	C:\Program Files\Java\jdk-1.8\jre\bin\t2k.dll
0x00007ffa893b0000 - 0x00007ffa895de000 	C:\WINDOWS\SYSTEM32\dbghelp.dll
0x00007ffa85b90000 - 0x00007ffa85cc3000 	C:\WINDOWS\SYSTEM32\CoreMessaging.dll
0x00007ffa83010000 - 0x00007ffa8337c000 	C:\WINDOWS\SYSTEM32\CoreUIComponents.dll
0x00007ffa88b10000 - 0x00007ffa88b1c000 	C:\WINDOWS\SYSTEM32\CRYPTBASE.DLL

VM Arguments:
jvm_args: -Dfile.encoding=UTF-8 
java_command: eventsystem.Login
java_class_path (initial): C:\xampp\htdocs\EventSystem\EventSystem\build\classes
Launcher Type: SUN_STANDARD

Environment Variables:
PATH=C:\Program Files (x86)\Common Files\Oracle\Java\javapath;C:\Python311\Scripts\;C:\Python311\;C:\WINDOWS\system32;C:\WINDOWS;C:\WINDOWS\System32\Wbem;C:\WINDOWS\System32\WindowsPowerShell\v1.0\;C:\WINDOWS\System32\OpenSSH\;C:\Program Files\Microsoft SQL Server\Client SDK\ODBC\170\Tools\Binn\;C:\Program Files (x86)\Microsoft SQL Server\150\Tools\Binn\;C:\Program Files\Microsoft SQL Server\150\Tools\Binn\;C:\Program Files\Microsoft SQL Server\150\DTS\Binn\;C:\Program Files (x86)\Microsoft SQL Server\160\DTS\Binn\;C:\Program Files\Azure Data Studio\bin;C:\Program Files\nodejs\;C:\ProgramData\chocolatey\bin;C:\Program Files\Git\cmd;C:\Program Files\Java\jdk-1.8\bin;C:\Users\krkav\AppData\Local\Microsoft\WindowsApps;;C:\Users\krkav\AppData\Local\Programs\Microsoft VS Code\bin;C:\Program Files\Azure Data Studio\bin;C:\Users\krkav\AppData\Roaming\npm
USERNAME=krkav
OS=Windows_NT
PROCESSOR_IDENTIFIER=Intel64 Family 6 Model 140 Stepping 1, GenuineIntel



---------------  S Y S T E M  ---------------

OS: Windows 11 , 64 bit Build 22621 (10.0.22621.2215)

CPU:total 8 (initial active 8) (4 cores per cpu, 2 threads per core) family 6 model 140 stepping 1, cmov, cx8, fxsr, mmx, sse, sse2, sse3, ssse3, sse4.1, sse4.2, popcnt, avx, avx2, aes, clmul, erms, 3dnowpref, lzcnt, ht, tsc, tscinvbit, bmi1, bmi2, adx

Memory: 4k page, physical 8162616k(800224k free), swap 33328440k(5120k free)

vm_info: Java HotSpot(TM) 64-Bit Server VM (25.381-b09) for windows-amd64 JRE (1.8.0_381-b09), built on Jun 14 2023 13:50:38 by "java_re" with MS VC++ 17.1 (VS2022)

time: Sun Sep 24 15:09:33 2023
timezone: Sri Lanka Standard Time
elapsed time: 0.390867 seconds (0d 0h 0m 0s)

