#
# There is insufficient memory for the Java Runtime Environment to continue.
# Native memory allocation (malloc) failed to allocate 32744 bytes for ChunkPool::allocate
# Possible reasons:
#   The system is out of physical RAM or swap space
#   The process is running with CompressedOops enabled, and the Java Heap may be blocking the growth of the native heap
# Possible solutions:
#   Reduce memory load on the system
#   Increase physical memory or swap space
#   Check if swap backing store is full
#   Decrease Java heap size (-Xmx/-Xms)
#   Decrease number of Java threads
#   Decrease Java thread stack sizes (-Xss)
#   Set larger code cache with -XX:ReservedCodeCacheSize=
#   JVM is running with Unscaled Compressed Oops mode in which the Java heap is
#     placed in the first 4GB address space. The Java Heap base address is the
#     maximum limit for the native heap growth. Please use -XX:HeapBaseMinAddress
#     to set the Java Heap base and to place the Java Heap above 4GB virtual address.
# This output file may be truncated or incomplete.
#
#  Out of Memory Error (allocation.cpp:272), pid=20580, tid=0x0000000000005c88
#
# JRE version: Java(TM) SE Runtime Environment (8.0_381) (build 1.8.0_381-b09)
# Java VM: Java HotSpot(TM) 64-Bit Server VM (25.381-b09 mixed mode windows-amd64 compressed oops)
# Failed to write core dump. Minidumps are not enabled by default on client versions of Windows
#

---------------  T H R E A D  ---------------

Current thread (0x000001e6fdf8d000):  JavaThread "C2 CompilerThread1" daemon [_thread_in_native, id=23688, stack(0x000000b52bf00000,0x000000b52c000000)]

Stack: [0x000000b52bf00000,0x000000b52c000000]
Native frames: (J=compiled Java code, j=interpreted, Vv=VM code, C=native code)
V  [jvm.dll+0x353039]
V  [jvm.dll+0x290052]
V  [jvm.dll+0x290c1d]
V  [jvm.dll+0x285255]
V  [jvm.dll+0xdbe71]
V  [jvm.dll+0xdc1cc]
V  [jvm.dll+0x4e5536]
V  [jvm.dll+0x4e56f0]
V  [jvm.dll+0x4e9f9e]
V  [jvm.dll+0x4ea744]
V  [jvm.dll+0x4e94f7]
V  [jvm.dll+0x469741]
V  [jvm.dll+0x468d29]
V  [jvm.dll+0x452a5b]
V  [jvm.dll+0xb0766]
V  [jvm.dll+0xaee3f]
V  [jvm.dll+0x251602]
V  [jvm.dll+0x2accec]
C  [ucrtbase.dll+0x29363]
C  [KERNEL32.DLL+0x1257d]
C  [ntdll.dll+0x5aa68]


Current CompileTask:
C2:35241987  690       4       java.util.HashMap::getNode (148 bytes)


---------------  P R O C E S S  ---------------

Java Threads: ( => current thread )
  0x000001e6e7295000 JavaThread "DestroyJavaVM" [_thread_blocked, id=21416, stack(0x000000b52b000000,0x000000b52b100000)]
  0x000001e680e65800 JavaThread "AWT-EventQueue-0" [_thread_blocked, id=24692, stack(0x000000b52c800000,0x000000b52c900000)]
  0x000001e6ff6f7800 JavaThread "AWT-Windows" daemon [_thread_in_native, id=21436, stack(0x000000b52c600000,0x000000b52c700000)]
  0x000001e6ff699800 JavaThread "AWT-Shutdown" [_thread_blocked, id=16792, stack(0x000000b52c500000,0x000000b52c600000)]
  0x000001e6ff699000 JavaThread "Java2D Disposer" daemon [_thread_blocked, id=24756, stack(0x000000b52c400000,0x000000b52c500000)]
  0x000001e6ff348800 JavaThread "Service Thread" daemon [_thread_blocked, id=24768, stack(0x000000b52c200000,0x000000b52c300000)]
  0x000001e6fdfad000 JavaThread "C1 CompilerThread3" daemon [_thread_blocked, id=24072, stack(0x000000b52c100000,0x000000b52c200000)]
  0x000001e6fdf9c800 JavaThread "C2 CompilerThread2" daemon [_thread_blocked, id=21264, stack(0x000000b52c000000,0x000000b52c100000)]
=>0x000001e6fdf8d000 JavaThread "C2 CompilerThread1" daemon [_thread_in_native, id=23688, stack(0x000000b52bf00000,0x000000b52c000000)]
  0x000001e6fdf84000 JavaThread "C2 CompilerThread0" daemon [_thread_blocked, id=24724, stack(0x000000b52be00000,0x000000b52bf00000)]
  0x000001e6fdf82800 JavaThread "Attach Listener" daemon [_thread_blocked, id=24688, stack(0x000000b52bd00000,0x000000b52be00000)]
  0x000001e6fdf81800 JavaThread "Signal Dispatcher" daemon [_thread_blocked, id=24700, stack(0x000000b52bc00000,0x000000b52bd00000)]
  0x000001e6fd35d800 JavaThread "Finalizer" daemon [_thread_blocked, id=23384, stack(0x000000b52bb00000,0x000000b52bc00000)]
  0x000001e6fdf5a000 JavaThread "Reference Handler" daemon [_thread_blocked, id=22848, stack(0x000000b52ba00000,0x000000b52bb00000)]

Other Threads:
  0x000001e6fd359800 VMThread [stack: 0x000000b52b900000,0x000000b52ba00000] [id=13672]
  0x000001e6ff37a800 WatcherThread [stack: 0x000000b52c300000,0x000000b52c400000] [id=24720]

VM state:not at safepoint (normal execution)

VM Mutex/Monitor currently owned by a thread: None

heap address: 0x0000000083600000, size: 1994 MB, Compressed Oops mode: 32-bit
Narrow klass base: 0x0000000000000000, Narrow klass shift: 3
Compressed class space size: 1073741824 Address: 0x0000000100000000

Heap:
 PSYoungGen      total 37888K, used 17490K [0x00000000d6780000, 0x00000000d9180000, 0x0000000100000000)
  eden space 32768K, 53% used [0x00000000d6780000,0x00000000d7894b08,0x00000000d8780000)
  from space 5120K, 0% used [0x00000000d8c80000,0x00000000d8c80000,0x00000000d9180000)
  to   space 5120K, 0% used [0x00000000d8780000,0x00000000d8780000,0x00000000d8c80000)
 ParOldGen       total 86016K, used 0K [0x0000000083600000, 0x0000000088a00000, 0x00000000d6780000)
  object space 86016K, 0% used [0x0000000083600000,0x0000000083600000,0x0000000088a00000)
 Metaspace       used 9874K, capacity 10016K, committed 10240K, reserved 1058816K
  class space    used 1151K, capacity 1232K, committed 1280K, reserved 1048576K

Card table byte_map: [0x000001e6f8190000,0x000001e6f8580000] byte_map_base: 0x000001e6f7d75000

Marking Bits: (ParMarkBitMap*) 0x00007ffa502a6040
 Begin Bits: [0x000001e6f8820000, 0x000001e6fa748000)
 End Bits:   [0x000001e6fa748000, 0x000001e6fc670000)

Polling page: 0x000001e6e74e0000

CodeCache: size=245760Kb used=2748Kb max_used=2756Kb free=243011Kb
 bounds [0x000001e6e8dd0000, 0x000001e6e9090000, 0x000001e6f7dd0000]
 total_blobs=1149 nmethods=689 adapters=373
 compilation: enabled

Compilation events (10 events):
Event: 22563.362 Thread 0x000001e6fdf9c800 nmethod 684 0x000001e6e9080990 code [0x000001e6e9080ae0, 0x000001e6e9080c98]
Event: 23118.352 Thread 0x000001e6fdfad000  685       3       sun.awt.AWTAutoShutdown::notifyToolkitThreadBusy (8 bytes)
Event: 23118.353 Thread 0x000001e6fdfad000 nmethod 685 0x000001e6e9080590 code [0x000001e6e9080700, 0x000001e6e90808d0]
Event: 23118.752 Thread 0x000001e6fdfad000  686       3       sun.awt.AWTAutoShutdown::notifyToolkitThreadFree (8 bytes)
Event: 23118.752 Thread 0x000001e6fdfad000 nmethod 686 0x000001e6e9080190 code [0x000001e6e9080300, 0x000001e6e90804d0]
Event: 35241.916 Thread 0x000001e6fdf9c800  687       4       java.util.HashMap$HashIterator::nextNode (100 bytes)
Event: 35241.924 Thread 0x000001e6fdf9c800 nmethod 687 0x000001e6e907e810 code [0x000001e6e907e960, 0x000001e6e907eb58]
Event: 35241.946 Thread 0x000001e6fdfad000  689       3       jdk.internal.org.objectweb.asm.MethodWriter::visitAnnotation (82 bytes)
Event: 35241.946 Thread 0x000001e6fdfad000 nmethod 689 0x000001e6e907dbd0 code [0x000001e6e907dda0, 0x000001e6e907e480]
Event: 35241.951 Thread 0x000001e6fdf8d000  690       4       java.util.HashMap::getNode (148 bytes)

GC Heap History (0 events):
No events

Deoptimization events (3 events):
Event: 0.125 Thread 0x000001e6e7295000 Uncommon trap: reason=null_check action=make_not_entrant pc=0x000001e6e8f3cfe4 method=java.lang.String.equals(Ljava/lang/Object;)Z @ 8
Event: 0.312 Thread 0x000001e680e65800 Uncommon trap: reason=unstable_if action=reinterpret pc=0x000001e6e8fb1a48 method=java.lang.CharacterData.of(I)Ljava/lang/CharacterData; @ 4
Event: 0.324 Thread 0x000001e680e65800 Uncommon trap: reason=unstable_if action=reinterpret pc=0x000001e6e90530b4 method=java.lang.Character.isSurrogate(C)Z @ 3

Classes redefined (0 events):
No events

Internal exceptions (9 events):
Event: 0.021 Thread 0x000001e6e7295000 Exception <a 'java/lang/NoSuchMethodError': Method sun.misc.Unsafe.defineClass(Ljava/lang/String;[BII)Ljava/lang/Class; name or signature does not match> (0x00000000d6787ce0) thrown at [C:\jenkins\workspace\8-2-build-windows-x64-cygwin-sans-NAS\jdk8u381\2
Event: 0.021 Thread 0x000001e6e7295000 Exception <a 'java/lang/NoSuchMethodError': Method sun.misc.Unsafe.prefetchRead(Ljava/lang/Object;J)V name or signature does not match> (0x00000000d6787fc8) thrown at [C:\jenkins\workspace\8-2-build-windows-x64-cygwin-sans-NAS\jdk8u381\237\hotspot\src\sha
Event: 0.063 Thread 0x000001e6e7295000 Exception <a 'java/security/PrivilegedActionException'> (0x00000000d6801068) thrown at [C:\jenkins\workspace\8-2-build-windows-x64-cygwin-sans-NAS\jdk8u381\237\hotspot\src\share\vm\prims\jvm.cpp, line 1513]
Event: 0.063 Thread 0x000001e6e7295000 Exception <a 'java/security/PrivilegedActionException'> (0x00000000d6801278) thrown at [C:\jenkins\workspace\8-2-build-windows-x64-cygwin-sans-NAS\jdk8u381\237\hotspot\src\share\vm\prims\jvm.cpp, line 1513]
Event: 0.065 Thread 0x000001e6e7295000 Exception <a 'java/io/FileNotFoundException'> (0x00000000d6803458) thrown at [C:\jenkins\workspace\8-2-build-windows-x64-cygwin-sans-NAS\jdk8u381\237\hotspot\src\share\vm\prims\jni.cpp, line 710]
Event: 0.084 Thread 0x000001e6e7295000 Exception <a 'java/lang/NoSuchFieldError': method resolution failed> (0x00000000d6978c08) thrown at [C:\jenkins\workspace\8-2-build-windows-x64-cygwin-sans-NAS\jdk8u381\237\hotspot\src\share\vm\prims\methodHandles.cpp, line 1188]
Event: 0.085 Thread 0x000001e6e7295000 Exception <a 'java/lang/NoSuchFieldError': method resolution failed> (0x00000000d6985fd8) thrown at [C:\jenkins\workspace\8-2-build-windows-x64-cygwin-sans-NAS\jdk8u381\237\hotspot\src\share\vm\prims\methodHandles.cpp, line 1188]
Event: 0.107 Thread 0x000001e6e7295000 Exception <a 'java/io/FileNotFoundException'> (0x00000000d6a21458) thrown at [C:\jenkins\workspace\8-2-build-windows-x64-cygwin-sans-NAS\jdk8u381\237\hotspot\src\share\vm\prims\jni.cpp, line 710]
Event: 0.125 Thread 0x000001e6e7295000 Implicit null exception at 0x000001e6e8f3ce1b to 0x000001e6e8f3cfd5

Events (10 events):
Event: 1.714 loading class sun/awt/SunToolkit$1 done
Event: 4.096 Executing VM operation: EnableBiasedLocking
Event: 4.096 Executing VM operation: EnableBiasedLocking done
Event: 5.171 Thread 0x000001e680d31000 Thread exited: 0x000001e680d31000
Event: 22563.126 loading class java/util/WeakHashMap$KeyIterator
Event: 22563.127 loading class java/util/WeakHashMap$HashIterator
Event: 22563.128 loading class java/util/WeakHashMap$HashIterator done
Event: 22563.128 loading class java/util/WeakHashMap$KeyIterator done
Event: 22563.134 loading class javax/swing/RepaintManager$DisplayChangedRunnable
Event: 22563.134 loading class javax/swing/RepaintManager$DisplayChangedRunnable done


Dynamic libraries:
0x00007ff7f2940000 - 0x00007ff7f298a000 	C:\Program Files\Java\jdk-1.8\bin\java.exe
0x00007ffa8c6b0000 - 0x00007ffa8c8c4000 	C:\WINDOWS\SYSTEM32\ntdll.dll
0x00007ffa8abc0000 - 0x00007ffa8ac84000 	C:\WINDOWS\System32\KERNEL32.DLL
0x00007ffa89d40000 - 0x00007ffa8a0e4000 	C:\WINDOWS\System32\KERNELBASE.dll
0x00007ffa8bed0000 - 0x00007ffa8bf80000 	C:\WINDOWS\System32\ADVAPI32.dll
0x00007ffa8c590000 - 0x00007ffa8c637000 	C:\WINDOWS\System32\msvcrt.dll
0x00007ffa8c430000 - 0x00007ffa8c4d6000 	C:\WINDOWS\System32\sechost.dll
0x00007ffa8bf80000 - 0x00007ffa8c097000 	C:\WINDOWS\System32\RPCRT4.dll
0x00007ffa8ac90000 - 0x00007ffa8ae3e000 	C:\WINDOWS\System32\USER32.dll
0x00007ffa8a2c0000 - 0x00007ffa8a2e6000 	C:\WINDOWS\System32\win32u.dll
0x00007ffa8ba60000 - 0x00007ffa8ba89000 	C:\WINDOWS\System32\GDI32.dll
0x00007ffa8a2f0000 - 0x00007ffa8a408000 	C:\WINDOWS\System32\gdi32full.dll
0x00007ffa8a1b0000 - 0x00007ffa8a24a000 	C:\WINDOWS\System32\msvcp_win.dll
0x00007ffa89a30000 - 0x00007ffa89b41000 	C:\WINDOWS\System32\ucrtbase.dll
0x00007ffa88ca0000 - 0x00007ffa88f33000 	C:\WINDOWS\WinSxS\amd64_microsoft.windows.common-controls_6595b64144ccf1df_6.0.22621.2215_none_270d72677387dfc3\COMCTL32.dll
0x00007ffa8c4f0000 - 0x00007ffa8c521000 	C:\WINDOWS\System32\IMM32.DLL
0x00007ffa83a80000 - 0x00007ffa83a9b000 	C:\Program Files\Java\jdk-1.8\jre\bin\vcruntime140.dll
0x00007ffa7b180000 - 0x00007ffa7b18c000 	C:\Program Files\Java\jdk-1.8\jre\bin\vcruntime140_1.dll
0x00007ffa7b0f0000 - 0x00007ffa7b17e000 	C:\Program Files\Java\jdk-1.8\jre\bin\msvcp140.dll
0x00007ffa4fa70000 - 0x00007ffa50320000 	C:\Program Files\Java\jdk-1.8\jre\bin\server\jvm.dll
0x00007ffa8ae40000 - 0x00007ffa8ae48000 	C:\WINDOWS\System32\PSAPI.DLL
0x00007ffa87970000 - 0x00007ffa8797a000 	C:\WINDOWS\SYSTEM32\VERSION.dll
0x00007ffa81350000 - 0x00007ffa81384000 	C:\WINDOWS\SYSTEM32\WINMM.dll
0x00007ffa84220000 - 0x00007ffa84229000 	C:\WINDOWS\SYSTEM32\WSOCK32.dll
0x00007ffa8b6f0000 - 0x00007ffa8b761000 	C:\WINDOWS\System32\WS2_32.dll
0x00007ffa87c00000 - 0x00007ffa87c18000 	C:\WINDOWS\SYSTEM32\kernel.appcore.dll
0x00007ffa83a70000 - 0x00007ffa83a80000 	C:\Program Files\Java\jdk-1.8\jre\bin\verify.dll
0x00007ffa7b370000 - 0x00007ffa7b39b000 	C:\Program Files\Java\jdk-1.8\jre\bin\java.dll
0x00007ffa7b350000 - 0x00007ffa7b368000 	C:\Program Files\Java\jdk-1.8\jre\bin\zip.dll
0x00007ffa8aec0000 - 0x00007ffa8b6e3000 	C:\WINDOWS\System32\SHELL32.dll
0x00007ffa86a60000 - 0x00007ffa8734a000 	C:\WINDOWS\SYSTEM32\windows.storage.dll
0x00007ffa8c0a0000 - 0x00007ffa8c42a000 	C:\WINDOWS\System32\combase.dll
0x00007ffa86920000 - 0x00007ffa86a5e000 	C:\WINDOWS\SYSTEM32\wintypes.dll
0x00007ffa8a5b0000 - 0x00007ffa8a6a3000 	C:\WINDOWS\System32\SHCORE.dll
0x00007ffa8c530000 - 0x00007ffa8c58e000 	C:\WINDOWS\System32\shlwapi.dll
0x00007ffa89960000 - 0x00007ffa89986000 	C:\WINDOWS\SYSTEM32\profapi.dll
0x00007ffa7b190000 - 0x00007ffa7b30e000 	C:\Program Files\Java\jdk-1.8\jre\bin\awt.dll
0x00007ffa8bce0000 - 0x00007ffa8bdb7000 	C:\WINDOWS\System32\OLEAUT32.dll
0x00007ffa85f80000 - 0x00007ffa86017000 	C:\WINDOWS\SYSTEM32\apphelp.dll
0x00007ffa86380000 - 0x00007ffa863ab000 	C:\WINDOWS\system32\DWMAPI.DLL
0x00007ffa86110000 - 0x00007ffa861bb000 	C:\WINDOWS\system32\uxtheme.dll
0x00007ffa705f0000 - 0x00007ffa706f0000 	C:\WINDOWS\system32\opengl32.dll
0x00007ffa6f910000 - 0x00007ffa6f93d000 	C:\WINDOWS\SYSTEM32\GLU32.dll
0x00007ffa86230000 - 0x00007ffa86268000 	C:\WINDOWS\SYSTEM32\dxcore.dll
0x00007ffa8b910000 - 0x00007ffa8ba59000 	C:\WINDOWS\System32\MSCTF.dll
0x00007ffa8b770000 - 0x00007ffa8b90e000 	C:\WINDOWS\System32\ole32.dll
0x00007ffa89b50000 - 0x00007ffa89bca000 	C:\WINDOWS\System32\bcryptPrimitives.dll
0x00007ffa7b8d0000 - 0x00007ffa7b91f000 	C:\Program Files\Java\jdk-1.8\jre\bin\fontmanager.dll
0x00007ffa7ba90000 - 0x00007ffa7bbd4000 	C:\WINDOWS\SYSTEM32\textinputframework.dll
0x00007ffa7b330000 - 0x00007ffa7b34c000 	C:\Program Files\Java\jdk-1.8\jre\bin\net.dll
0x00007ffa88870000 - 0x00007ffa888d9000 	C:\WINDOWS\system32\mswsock.dll
0x00007ffa7b310000 - 0x00007ffa7b323000 	C:\Program Files\Java\jdk-1.8\jre\bin\nio.dll
0x00007ffa7b880000 - 0x00007ffa7b8c3000 	C:\Program Files\Java\jdk-1.8\jre\bin\t2k.dll
0x00007ffa85b90000 - 0x00007ffa85cc3000 	C:\WINDOWS\SYSTEM32\CoreMessaging.dll
0x00007ffa83010000 - 0x00007ffa8337c000 	C:\WINDOWS\SYSTEM32\CoreUIComponents.dll
0x00007ffa88b10000 - 0x00007ffa88b1c000 	C:\WINDOWS\SYSTEM32\CRYPTBASE.DLL
0x00007ffa55be0000 - 0x00007ffa55c90000 	C:\WINDOWS\SYSTEM32\TextShaping.dll
0x00007ffa893b0000 - 0x00007ffa895de000 	C:\WINDOWS\SYSTEM32\dbghelp.dll

VM Arguments:
jvm_args: -Dfile.encoding=UTF-8 
java_command: eventsystem.Login
java_class_path (initial): C:\xampp\htdocs\EventSystem\EventSystem\build\classes
Launcher Type: SUN_STANDARD

Environment Variables:
PATH=C:\Program Files (x86)\Common Files\Oracle\Java\javapath;C:\Python311\Scripts\;C:\Python311\;C:\WINDOWS\system32;C:\WINDOWS;C:\WINDOWS\System32\Wbem;C:\WINDOWS\System32\WindowsPowerShell\v1.0\;C:\WINDOWS\System32\OpenSSH\;C:\Program Files\Microsoft SQL Server\Client SDK\ODBC\170\Tools\Binn\;C:\Program Files (x86)\Microsoft SQL Server\150\Tools\Binn\;C:\Program Files\Microsoft SQL Server\150\Tools\Binn\;C:\Program Files\Microsoft SQL Server\150\DTS\Binn\;C:\Program Files (x86)\Microsoft SQL Server\160\DTS\Binn\;C:\Program Files\Azure Data Studio\bin;C:\Program Files\nodejs\;C:\ProgramData\chocolatey\bin;C:\Program Files\Git\cmd;C:\Program Files\Java\jdk-1.8\bin;C:\Users\krkav\AppData\Local\Microsoft\WindowsApps;;C:\Users\krkav\AppData\Local\Programs\Microsoft VS Code\bin;C:\Program Files\Azure Data Studio\bin;C:\Users\krkav\AppData\Roaming\npm
USERNAME=krkav
OS=Windows_NT
PROCESSOR_IDENTIFIER=Intel64 Family 6 Model 140 Stepping 1, GenuineIntel



---------------  S Y S T E M  ---------------

OS: Windows 11 , 64 bit Build 22621 (10.0.22621.2215)

CPU:total 8 (initial active 8) (4 cores per cpu, 2 threads per core) family 6 model 140 stepping 1, cmov, cx8, fxsr, mmx, sse, sse2, sse3, ssse3, sse4.1, sse4.2, popcnt, avx, avx2, aes, clmul, erms, 3dnowpref, lzcnt, ht, tsc, tscinvbit, bmi1, bmi2, adx

Memory: 4k page, physical 8162616k(310656k free), swap 33328440k(1332k free)

vm_info: Java HotSpot(TM) 64-Bit Server VM (25.381-b09) for windows-amd64 JRE (1.8.0_381-b09), built on Jun 14 2023 13:50:38 by "java_re" with MS VC++ 17.1 (VS2022)

time: Sun Sep 24 13:14:30 2023
timezone: Sri Lanka Standard Time
elapsed time: 35241.993145 seconds (0d 9h 47m 21s)

