#
# There is insufficient memory for the Java Runtime Environment to continue.
# Native memory allocation (malloc) failed to allocate 1048576 bytes for AllocateHeap
# Possible reasons:
#   The system is out of physical RAM or swap space
#   The process is running with CompressedOops enabled, and the Java Heap may be blocking the growth of the native heap
# Possible solutions:
#   Reduce memory load on the system
#   Increase physical memory or swap space
#   Check if swap backing store is full
#   Decrease Java heap size (-Xmx/-Xms)
#   Decrease number of Java threads
#   Decrease Java thread stack sizes (-Xss)
#   Set larger code cache with -XX:ReservedCodeCacheSize=
#   JVM is running with Unscaled Compressed Oops mode in which the Java heap is
#     placed in the first 4GB address space. The Java Heap base address is the
#     maximum limit for the native heap growth. Please use -XX:HeapBaseMinAddress
#     to set the Java Heap base and to place the Java Heap above 4GB virtual address.
# This output file may be truncated or incomplete.
#
#  Out of Memory Error (memory/allocation.inline.hpp:61), pid=27364, tid=0x0000000000006e0c
#
# JRE version:  (8.0_381) (build )
# Java VM: Java HotSpot(TM) 64-Bit Server VM (25.381-b09 mixed mode windows-amd64 compressed oops)
# Failed to write core dump. Minidumps are not enabled by default on client versions of Windows
#

---------------  T H R E A D  ---------------

Current thread (0x0000023740084800):  JavaThread "Unknown thread" [_thread_in_vm, id=28172, stack(0x0000006a53c00000,0x0000006a53d00000)]

Stack: [0x0000006a53c00000,0x0000006a53d00000]
Native frames: (J=compiled Java code, j=interpreted, Vv=VM code, C=native code)
V  [jvm.dll+0x353039]
V  [jvm.dll+0x290052]
V  [jvm.dll+0x290c1d]
V  [jvm.dll+0x285255]
V  [jvm.dll+0x502d]
V  [jvm.dll+0x3f0202]
V  [jvm.dll+0x3f0f77]
V  [jvm.dll+0x3ecd67]
V  [jvm.dll+0x1058ff]
V  [jvm.dll+0x21b25b]
V  [jvm.dll+0x24c09a]
V  [jvm.dll+0x16d436]
C  [java.exe+0x2412]
C  [java.exe+0x165e0]
C  [KERNEL32.DLL+0x1257d]
C  [ntdll.dll+0x5aa68]


---------------  P R O C E S S  ---------------

Java Threads: ( => current thread )

Other Threads:

=>0x0000023740084800 (exited) JavaThread "Unknown thread" [_thread_in_vm, id=28172, stack(0x0000006a53c00000,0x0000006a53d00000)]

VM state:not at safepoint (normal execution)

VM Mutex/Monitor currently owned by a thread: None

heap address: 0x0000000083600000, size: 1994 MB, Compressed Oops mode: 32-bit
Narrow klass base: 0x0000000000000000, Narrow klass shift: 3
Compressed class space size: 1073741824 Address: 0x0000000100000000

Heap:
 PSYoungGen      total 37888K, used 655K [0x00000000d6780000, 0x00000000d9180000, 0x0000000100000000)
  eden space 32768K, 2% used [0x00000000d6780000,0x00000000d6823d80,0x00000000d8780000)
  from space 5120K, 0% used [0x00000000d8c80000,0x00000000d8c80000,0x00000000d9180000)
  to   space 5120K, 0% used [0x00000000d8780000,0x00000000d8780000,0x00000000d8c80000)
 ParOldGen       total 86016K, used 0K [0x0000000083600000, 0x0000000088a00000, 0x00000000d6780000)
  object space 86016K, 0% used [0x0000000083600000,0x0000000083600000,0x0000000088a00000)
 Metaspace       used 775K, capacity 4480K, committed 4480K, reserved 1056768K
  class space    used 76K, capacity 384K, committed 384K, reserved 1048576K

Card table byte_map: [0x0000023750ee0000,0x00000237512d0000] byte_map_base: 0x0000023750ac5000

Marking Bits: (ParMarkBitMap*) 0x00007ffec2c86040
 Begin Bits: [0x0000023751570000, 0x0000023753498000)
 End Bits:   [0x0000023753498000, 0x00000237553c0000)

Polling page: 0x0000023741af0000

CodeCache: size=245760Kb used=329Kb max_used=329Kb free=245430Kb
 bounds [0x0000023741b20000, 0x0000023741d90000, 0x0000023750b20000]
 total_blobs=58 nmethods=0 adapters=38
 compilation: enabled

Compilation events (0 events):
No events

GC Heap History (0 events):
No events

Deoptimization events (0 events):
No events

Classes redefined (0 events):
No events

Internal exceptions (0 events):
No events

Events (10 events):
Event: 0.016 loading class java/lang/Short
Event: 0.016 loading class java/lang/Short done
Event: 0.016 loading class java/lang/Integer
Event: 0.016 loading class java/lang/Integer done
Event: 0.016 loading class java/lang/Long
Event: 0.016 loading class java/lang/Long done
Event: 0.035 loading class java/lang/NullPointerException
Event: 0.035 loading class java/lang/NullPointerException done
Event: 0.035 loading class java/lang/ArithmeticException
Event: 0.035 loading class java/lang/ArithmeticException done


Dynamic libraries:
0x00007ff7fec60000 - 0x00007ff7fecaa000 	C:\Program Files\Java\jdk-1.8\bin\java.exe
0x00007fff28130000 - 0x00007fff28344000 	C:\WINDOWS\SYSTEM32\ntdll.dll
0x00007fff25f60000 - 0x00007fff26024000 	C:\WINDOWS\System32\KERNEL32.DLL
0x00007fff25570000 - 0x00007fff25914000 	C:\WINDOWS\System32\KERNELBASE.dll
0x00007fff27bf0000 - 0x00007fff27ca0000 	C:\WINDOWS\System32\ADVAPI32.dll
0x00007fff27d20000 - 0x00007fff27dc7000 	C:\WINDOWS\System32\msvcrt.dll
0x00007fff26b80000 - 0x00007fff26c26000 	C:\WINDOWS\System32\sechost.dll
0x00007fff26030000 - 0x00007fff26147000 	C:\WINDOWS\System32\RPCRT4.dll
0x00007fff27580000 - 0x00007fff2772e000 	C:\WINDOWS\System32\USER32.dll
0x00007fff25ab0000 - 0x00007fff25ad6000 	C:\WINDOWS\System32\win32u.dll
0x00007fff27dd0000 - 0x00007fff27df9000 	C:\WINDOWS\System32\GDI32.dll
0x00007fff25ae0000 - 0x00007fff25bf8000 	C:\WINDOWS\System32\gdi32full.dll
0x00007fff25990000 - 0x00007fff25a2a000 	C:\WINDOWS\System32\msvcp_win.dll
0x00007fff25d70000 - 0x00007fff25e81000 	C:\WINDOWS\System32\ucrtbase.dll
0x00007ffef4150000 - 0x00007ffef43e3000 	C:\WINDOWS\WinSxS\amd64_microsoft.windows.common-controls_6595b64144ccf1df_6.0.22621.2215_none_270d72677387dfc3\COMCTL32.dll
0x00007fff27730000 - 0x00007fff27761000 	C:\WINDOWS\System32\IMM32.DLL
0x00007fff18840000 - 0x00007fff1885b000 	C:\Program Files\Java\jdk-1.8\jre\bin\vcruntime140.dll
0x00007fff18770000 - 0x00007fff1877c000 	C:\Program Files\Java\jdk-1.8\jre\bin\vcruntime140_1.dll
0x00007ffee9ba0000 - 0x00007ffee9c2e000 	C:\Program Files\Java\jdk-1.8\jre\bin\msvcp140.dll
0x00007ffec2450000 - 0x00007ffec2d00000 	C:\Program Files\Java\jdk-1.8\jre\bin\server\jvm.dll
0x00007fff27090000 - 0x00007fff27098000 	C:\WINDOWS\System32\PSAPI.DLL
0x00007fff10de0000 - 0x00007fff10de9000 	C:\WINDOWS\SYSTEM32\WSOCK32.dll
0x00007fff1ce70000 - 0x00007fff1cea4000 	C:\WINDOWS\SYSTEM32\WINMM.dll
0x00007fff27ca0000 - 0x00007fff27d11000 	C:\WINDOWS\System32\WS2_32.dll
0x00007fff1c300000 - 0x00007fff1c30a000 	C:\WINDOWS\SYSTEM32\VERSION.dll
0x00007fff245d0000 - 0x00007fff245e8000 	C:\WINDOWS\SYSTEM32\kernel.appcore.dll
0x00007fff187f0000 - 0x00007fff18800000 	C:\Program Files\Java\jdk-1.8\jre\bin\verify.dll
0x00007fff187c0000 - 0x00007fff187eb000 	C:\Program Files\Java\jdk-1.8\jre\bin\java.dll
0x00007fff203a0000 - 0x00007fff203b8000 	C:\Program Files\Java\jdk-1.8\jre\bin\zip.dll
0x00007fff22e30000 - 0x00007fff2305e000 	C:\WINDOWS\SYSTEM32\dbghelp.dll
0x00007fff271f0000 - 0x00007fff2757a000 	C:\WINDOWS\System32\combase.dll
0x00007fff26990000 - 0x00007fff26a67000 	C:\WINDOWS\System32\OLEAUT32.dll
0x00007fff25a30000 - 0x00007fff25aaa000 	C:\WINDOWS\System32\bcryptPrimitives.dll

VM Arguments:
jvm_args: -Dfile.encoding=UTF-8 
java_command: eventsystem.Loading
java_class_path (initial): C:\Users\krkav\Downloads\mysql-connector-java-8.0.28.jar;C:\xampp\htdocs\EventSystem\EventSystem\build\classes
Launcher Type: SUN_STANDARD

Environment Variables:
PATH=C:\Program Files (x86)\Common Files\Oracle\Java\javapath;C:\Python311\Scripts\;C:\Python311\;C:\WINDOWS\system32;C:\WINDOWS;C:\WINDOWS\System32\Wbem;C:\WINDOWS\System32\WindowsPowerShell\v1.0\;C:\WINDOWS\System32\OpenSSH\;C:\Program Files\Microsoft SQL Server\Client SDK\ODBC\170\Tools\Binn\;C:\Program Files (x86)\Microsoft SQL Server\150\Tools\Binn\;C:\Program Files\Microsoft SQL Server\150\Tools\Binn\;C:\Program Files\Microsoft SQL Server\150\DTS\Binn\;C:\Program Files (x86)\Microsoft SQL Server\160\DTS\Binn\;C:\Program Files\Azure Data Studio\bin;C:\Program Files\nodejs\;C:\ProgramData\chocolatey\bin;C:\Program Files\Git\cmd;C:\Program Files\Java\jdk-1.8\bin;C:\Users\krkav\AppData\Local\Microsoft\WindowsApps;;C:\Users\krkav\AppData\Local\Programs\Microsoft VS Code\bin;C:\Program Files\Azure Data Studio\bin;C:\Users\krkav\AppData\Roaming\npm
USERNAME=krkav
OS=Windows_NT
PROCESSOR_IDENTIFIER=Intel64 Family 6 Model 140 Stepping 1, GenuineIntel



---------------  S Y S T E M  ---------------

OS: Windows 11 , 64 bit Build 22621 (10.0.22621.2215)

CPU:total 8 (initial active 8) (4 cores per cpu, 2 threads per core) family 6 model 140 stepping 1, cmov, cx8, fxsr, mmx, sse, sse2, sse3, ssse3, sse4.1, sse4.2, popcnt, avx, avx2, aes, clmul, erms, 3dnowpref, lzcnt, ht, tsc, tscinvbit, bmi1, bmi2, adx

Memory: 4k page, physical 8162616k(861588k free), swap 33328440k(4208k free)

vm_info: Java HotSpot(TM) 64-Bit Server VM (25.381-b09) for windows-amd64 JRE (1.8.0_381-b09), built on Jun 14 2023 13:50:38 by "java_re" with MS VC++ 17.1 (VS2022)

time: Mon Sep 25 04:32:55 2023
timezone: Sri Lanka Standard Time
elapsed time: 0.062342 seconds (0d 0h 0m 0s)

